<?xml version="1.0" encoding="UTF-8"?>
<!-- Generated by org.testng.reporters.JUnitXMLReporter -->
<testsuite hostname="prabh" ignored="17" name="Default test" tests="1" failures="1" timestamp="2022-12-02T17:42:58 EST" time="16.474" errors="0">
  <testcase name="loginSuccess" time="8.137" classname="dashtest.MainScripts">
    <failure type="java.lang.NullPointerException">
      <![CDATA[java.lang.NullPointerException
at com.google.common.base.Preconditions.checkNotNull(Preconditions.java:882)
at org.openqa.selenium.support.ui.FluentWait.<init>(FluentWait.java:104)
at org.openqa.selenium.support.ui.WebDriverWait.<init>(WebDriverWait.java:71)
at org.openqa.selenium.support.ui.WebDriverWait.<init>(WebDriverWait.java:45)
at mainUtils.UtilityClass.explicit_wait(UtilityClass.java:229)
at mainUtils.UtilityClass.chk_isEnabled(UtilityClass.java:139)
at pages.login.validate_login(login.java:58)
at dashtest.MainScripts.loginSuccess(MainScripts.java:70)
at sun.reflect.NativeMethodAccessorImpl.invoke0(Native Method)
at sun.reflect.NativeMethodAccessorImpl.invoke(Unknown Source)
at sun.reflect.DelegatingMethodAccessorImpl.invoke(Unknown Source)
at java.lang.reflect.Method.invoke(Unknown Source)
at org.testng.internal.MethodInvocationHelper.invokeMethod(MethodInvocationHelper.java:133)
at org.testng.internal.TestInvoker.invokeMethod(TestInvoker.java:598)
at org.testng.internal.TestInvoker.invokeTestMethod(TestInvoker.java:173)
at org.testng.internal.MethodRunner.runInSequence(MethodRunner.java:46)
at org.testng.internal.TestInvoker$MethodInvocationAgent.invoke(TestInvoker.java:824)
at org.testng.internal.TestInvoker.invokeTestMethods(TestInvoker.java:146)
at org.testng.internal.TestMethodWorker.invokeTestMethods(TestMethodWorker.java:146)
at org.testng.internal.TestMethodWorker.run(TestMethodWorker.java:128)
at java.util.ArrayList.forEach(Unknown Source)
at org.testng.TestRunner.privateRun(TestRunner.java:794)
at org.testng.TestRunner.run(TestRunner.java:596)
at org.testng.SuiteRunner.runTest(SuiteRunner.java:377)
at org.testng.SuiteRunner.runSequentially(SuiteRunner.java:371)
at org.testng.SuiteRunner.privateRun(SuiteRunner.java:332)
at org.testng.SuiteRunner.run(SuiteRunner.java:276)
at org.testng.SuiteRunnerWorker.runSuite(SuiteRunnerWorker.java:53)
at org.testng.SuiteRunnerWorker.run(SuiteRunnerWorker.java:96)
at org.testng.TestNG.runSuitesSequentially(TestNG.java:1212)
at org.testng.TestNG.runSuitesLocally(TestNG.java:1134)
at org.testng.TestNG.runSuites(TestNG.java:1063)
at org.testng.TestNG.run(TestNG.java:1031)
at org.testng.remote.AbstractRemoteTestNG.run(AbstractRemoteTestNG.java:115)
at org.testng.remote.RemoteTestNG.initAndRun(RemoteTestNG.java:251)
at org.testng.remote.RemoteTestNG.main(RemoteTestNG.java:77)
]]>
    </failure>
  </testcase> <!-- loginSuccess -->
  <testcase name="fileDownload" time="0.0" classname="dashtest.MainScripts">
    <ignored/>
  </testcase> <!-- fileDownload -->
  <testcase name="fileUpload" time="0.0" classname="dashtest.MainScripts">
    <ignored/>
  </testcase> <!-- fileUpload -->
  <testcase name="notification_Message" time="0.0" classname="dashtest.MainScripts">
    <ignored/>
  </testcase> <!-- notification_Message -->
  <testcase name="loginFailed" time="0.0" classname="dashtest.MainScripts">
    <ignored/>
  </testcase> <!-- loginFailed -->
  <testcase name="dropdown" time="0.0" classname="dashtest.MainScripts">
    <ignored/>
  </testcase> <!-- dropdown -->
  <testcase name="dragAndDrop" time="0.0" classname="dashtest.MainScripts">
    <ignored/>
  </testcase> <!-- dragAndDrop -->
  <testcase name="openNewTab" time="0.0" classname="dashtest.MainScripts">
    <ignored/>
  </testcase> <!-- openNewTab -->
  <testcase name="dynamicContent" time="0.0" classname="dashtest.MainScripts">
    <ignored/>
  </testcase> <!-- dynamicContent -->
  <testcase name="contextMenu" time="0.0" classname="dashtest.MainScripts">
    <ignored/>
  </testcase> <!-- contextMenu -->
  <testcase name="dynamicControl" time="0.0" classname="dashtest.MainScripts">
    <ignored/>
  </testcase> <!-- dynamicControl -->
  <testcase name="javaScriptAlerts" time="0.0" classname="dashtest.MainScripts">
    <ignored/>
  </testcase> <!-- javaScriptAlerts -->
  <testcase name="dynamicloading" time="0.0" classname="dashtest.MainScripts">
    <ignored/>
  </testcase> <!-- dynamicloading -->
  <testcase name="checkbox" time="0.0" classname="dashtest.MainScripts">
    <ignored/>
  </testcase> <!-- checkbox -->
  <testcase name="iframetest" time="0.0" classname="dashtest.MainScripts">
    <ignored/>
  </testcase> <!-- iframetest -->
  <testcase name="floatingMenu" time="0.0" classname="dashtest.MainScripts">
    <ignored/>
  </testcase> <!-- floatingMenu -->
  <testcase name="mouseHover" time="0.0" classname="dashtest.MainScripts">
    <ignored/>
  </testcase> <!-- mouseHover -->
  <testcase name="javaScriptError" time="0.0" classname="dashtest.MainScripts">
    <ignored/>
  </testcase> <!-- javaScriptError -->
</testsuite> <!-- Default test -->
