<?xml version="1.0" encoding="UTF-8"?>
<!-- Generated by org.testng.reporters.JUnitXMLReporter -->
<testsuite hostname="prabh" ignored="17" name="Default test" tests="1" failures="0" timestamp="2022-12-02T21:26:40 EST" time="17.92" errors="0">
  <testcase name="notification_Message" time="9.484" classname="dashtest.MainScripts"/>
  <testcase name="fileDownload" time="0.0" classname="dashtest.MainScripts">
    <ignored/>
  </testcase> <!-- fileDownload -->
  <testcase name="fileUpload" time="0.0" classname="dashtest.MainScripts">
    <ignored/>
  </testcase> <!-- fileUpload -->
  <testcase name="loginFailed" time="0.0" classname="dashtest.MainScripts">
    <ignored/>
  </testcase> <!-- loginFailed -->
  <testcase name="dropdown" time="0.0" classname="dashtest.MainScripts">
    <ignored/>
  </testcase> <!-- dropdown -->
  <testcase name="dragAndDrop" time="0.0" classname="dashtest.MainScripts">
    <ignored/>
  </testcase> <!-- dragAndDrop -->
  <testcase name="openNewTab" time="0.0" classname="dashtest.MainScripts">
    <ignored/>
  </testcase> <!-- openNewTab -->
  <testcase name="dynamicContent" time="0.0" classname="dashtest.MainScripts">
    <ignored/>
  </testcase> <!-- dynamicContent -->
  <testcase name="loginSuccess" time="0.0" classname="dashtest.MainScripts">
    <ignored/>
  </testcase> <!-- loginSuccess -->
  <testcase name="contextMenu" time="0.0" classname="dashtest.MainScripts">
    <ignored/>
  </testcase> <!-- contextMenu -->
  <testcase name="dynamicControl" time="0.0" classname="dashtest.MainScripts">
    <ignored/>
  </testcase> <!-- dynamicControl -->
  <testcase name="javaScriptAlerts" time="0.0" classname="dashtest.MainScripts">
    <ignored/>
  </testcase> <!-- javaScriptAlerts -->
  <testcase name="dynamicloading" time="0.0" classname="dashtest.MainScripts">
    <ignored/>
  </testcase> <!-- dynamicloading -->
  <testcase name="checkbox" time="0.0" classname="dashtest.MainScripts">
    <ignored/>
  </testcase> <!-- checkbox -->
  <testcase name="iframetest" time="0.0" classname="dashtest.MainScripts">
    <ignored/>
  </testcase> <!-- iframetest -->
  <testcase name="floatingMenu" time="0.0" classname="dashtest.MainScripts">
    <ignored/>
  </testcase> <!-- floatingMenu -->
  <testcase name="mouseHover" time="0.0" classname="dashtest.MainScripts">
    <ignored/>
  </testcase> <!-- mouseHover -->
  <testcase name="javaScriptError" time="0.0" classname="dashtest.MainScripts">
    <ignored/>
  </testcase> <!-- javaScriptError -->
</testsuite> <!-- Default test -->
