<?xml version="1.0" encoding="UTF-8"?>
<testng-results skipped="0" failed="0" ignored="17" total="18" passed="1">
  <reporter-output>
  </reporter-output>
  <suite name="Default suite" duration-ms="17920" started-at="2022-12-02T21:26:22 EST" finished-at="2022-12-02T21:26:40 EST">
    <groups>
    </groups>
    <test name="Default test" duration-ms="17920" started-at="2022-12-02T21:26:22 EST" finished-at="2022-12-02T21:26:40 EST">
      <class name="dashtest.MainScripts">
        <test-method status="PASS" signature="beforeMethod()[pri:0, instance:dashtest.MainScripts@42f93a98]" name="beforeMethod" is-config="true" duration-ms="7476" started-at="2022-12-02T21:26:22 EST" finished-at="2022-12-02T21:26:29 EST">
          <reporter-output>
          </reporter-output>
        </test-method> <!-- beforeMethod -->
        <test-method status="PASS" signature="notification_Message()[pri:0, instance:dashtest.MainScripts@42f93a98]" name="notification_Message" duration-ms="9484" started-at="2022-12-02T21:26:29 EST" finished-at="2022-12-02T21:26:39 EST">
          <reporter-output>
          </reporter-output>
        </test-method> <!-- notification_Message -->
        <test-method status="PASS" signature="afterMethod()[pri:0, instance:dashtest.MainScripts@42f93a98]" name="afterMethod" is-config="true" duration-ms="901" started-at="2022-12-02T21:26:39 EST" finished-at="2022-12-02T21:26:40 EST">
          <reporter-output>
          </reporter-output>
        </test-method> <!-- afterMethod -->
      </class> <!-- dashtest.MainScripts -->
    </test> <!-- Default test -->
  </suite> <!-- Default suite -->
</testng-results>
