<?xml version="1.0" encoding="UTF-8"?>
<testng-results skipped="0" failed="1" ignored="17" total="18" passed="0">
  <reporter-output>
  </reporter-output>
  <suite name="Default suite" duration-ms="16474" started-at="2022-12-02T17:42:42 EST" finished-at="2022-12-02T17:42:58 EST">
    <groups>
    </groups>
    <test name="Default test" duration-ms="16474" started-at="2022-12-02T17:42:42 EST" finished-at="2022-12-02T17:42:58 EST">
      <class name="dashtest.MainScripts">
        <test-method status="PASS" signature="beforeMethod()[pri:0, instance:dashtest.MainScripts@42f93a98]" name="beforeMethod" is-config="true" duration-ms="7377" started-at="2022-12-02T17:42:42 EST" finished-at="2022-12-02T17:42:49 EST">
          <reporter-output>
          </reporter-output>
        </test-method> <!-- beforeMethod -->
        <test-method status="FAIL" signature="loginSuccess()[pri:0, instance:dashtest.MainScripts@42f93a98]" name="loginSuccess" duration-ms="8137" started-at="2022-12-02T17:42:49 EST" finished-at="2022-12-02T17:42:57 EST">
          <exception class="java.lang.NullPointerException">
            <full-stacktrace>
              <![CDATA[java.lang.NullPointerException
at com.google.common.base.Preconditions.checkNotNull(Preconditions.java:882)
at org.openqa.selenium.support.ui.FluentWait.<init>(FluentWait.java:104)
at org.openqa.selenium.support.ui.WebDriverWait.<init>(WebDriverWait.java:71)
at org.openqa.selenium.support.ui.WebDriverWait.<init>(WebDriverWait.java:45)
at mainUtils.UtilityClass.explicit_wait(UtilityClass.java:229)
at mainUtils.UtilityClass.chk_isEnabled(UtilityClass.java:139)
at pages.login.validate_login(login.java:58)
at dashtest.MainScripts.loginSuccess(MainScripts.java:70)
at sun.reflect.NativeMethodAccessorImpl.invoke0(Native Method)
at sun.reflect.NativeMethodAccessorImpl.invoke(Unknown Source)
at sun.reflect.DelegatingMethodAccessorImpl.invoke(Unknown Source)
at java.lang.reflect.Method.invoke(Unknown Source)
at org.testng.internal.MethodInvocationHelper.invokeMethod(MethodInvocationHelper.java:133)
at org.testng.internal.TestInvoker.invokeMethod(TestInvoker.java:598)
at org.testng.internal.TestInvoker.invokeTestMethod(TestInvoker.java:173)
at org.testng.internal.MethodRunner.runInSequence(MethodRunner.java:46)
at org.testng.internal.TestInvoker$MethodInvocationAgent.invoke(TestInvoker.java:824)
at org.testng.internal.TestInvoker.invokeTestMethods(TestInvoker.java:146)
at org.testng.internal.TestMethodWorker.invokeTestMethods(TestMethodWorker.java:146)
at org.testng.internal.TestMethodWorker.run(TestMethodWorker.java:128)
at java.util.ArrayList.forEach(Unknown Source)
at org.testng.TestRunner.privateRun(TestRunner.java:794)
at org.testng.TestRunner.run(TestRunner.java:596)
at org.testng.SuiteRunner.runTest(SuiteRunner.java:377)
at org.testng.SuiteRunner.runSequentially(SuiteRunner.java:371)
at org.testng.SuiteRunner.privateRun(SuiteRunner.java:332)
at org.testng.SuiteRunner.run(SuiteRunner.java:276)
at org.testng.SuiteRunnerWorker.runSuite(SuiteRunnerWorker.java:53)
at org.testng.SuiteRunnerWorker.run(SuiteRunnerWorker.java:96)
at org.testng.TestNG.runSuitesSequentially(TestNG.java:1212)
at org.testng.TestNG.runSuitesLocally(TestNG.java:1134)
at org.testng.TestNG.runSuites(TestNG.java:1063)
at org.testng.TestNG.run(TestNG.java:1031)
at org.testng.remote.AbstractRemoteTestNG.run(AbstractRemoteTestNG.java:115)
at org.testng.remote.RemoteTestNG.initAndRun(RemoteTestNG.java:251)
at org.testng.remote.RemoteTestNG.main(RemoteTestNG.java:77)
]]>
            </full-stacktrace>
          </exception> <!-- java.lang.NullPointerException -->
          <reporter-output>
          </reporter-output>
        </test-method> <!-- loginSuccess -->
        <test-method status="PASS" signature="afterMethod()[pri:0, instance:dashtest.MainScripts@42f93a98]" name="afterMethod" is-config="true" duration-ms="818" started-at="2022-12-02T17:42:57 EST" finished-at="2022-12-02T17:42:58 EST">
          <reporter-output>
          </reporter-output>
        </test-method> <!-- afterMethod -->
      </class> <!-- dashtest.MainScripts -->
    </test> <!-- Default test -->
  </suite> <!-- Default suite -->
</testng-results>
